<?xml version="1.0" encoding="UTF-8"?>
<!-- Generated by org.testng.reporters.JUnitReportReporter -->
<testsuite hostname="jeevani-PC" failures="0" tests="2" name="GherkinKeywords.APIMethods" time="4.386" errors="0" timestamp="2023-09-23T09:25:36 IST" skipped="0">
  <testcase classname="GherkinKeywords.APIMethods" name="createResource" time="3.925"/>
  <testcase classname="GherkinKeywords.APIMethods" name="getResource" time="0.461"/>
</testsuite> <!-- GherkinKeywords.APIMethods -->
