<?xml version="1.0" encoding="UTF-8"?>
<!-- Generated by org.testng.reporters.JUnitReportReporter -->
<testsuite hostname="jeevani-PC" failures="0" tests="1" name="REQUESTandRESPONSEMETHODS.GetResponse" time="0.476" errors="0" timestamp="2023-09-27T09:46:17 IST" skipped="0">
  <testcase classname="REQUESTandRESPONSEMETHODS.GetResponse" name="GetBooksDetails" time="0.476"/>
</testsuite> <!-- REQUESTandRESPONSEMETHODS.GetResponse -->
