<?xml version="1.0" encoding="UTF-8"?>
<!-- Generated by org.testng.reporters.JUnitReportReporter -->
<testsuite hostname="jeevani-PC" failures="0" tests="1" name="REQUESTandRESPONSEMETHODS.GetMehod2" time="0.570" errors="0" timestamp="2023-09-27T09:46:17 IST" skipped="0">
  <testcase classname="REQUESTandRESPONSEMETHODS.GetMehod2" name="messageBody" time="0.570"/>
</testsuite> <!-- REQUESTandRESPONSEMETHODS.GetMehod2 -->
