<?xml version="1.0" encoding="UTF-8"?>
<!-- Generated by org.testng.reporters.JUnitReportReporter -->
<testsuite hostname="jeevani-PC" failures="0" tests="3" name="APITestSuite.APIPractice" time="5.279" errors="0" timestamp="2023-09-27T09:46:17 IST" skipped="0">
  <testcase classname="APITestSuite.APIPractice" name="getResource" time="0.589"/>
  <testcase classname="APITestSuite.APIPractice" name="updateResource" time="0.598"/>
  <testcase classname="APITestSuite.APIPractice" name="createResource" time="4.092"/>
</testsuite> <!-- APITestSuite.APIPractice -->
