<?xml version="1.0" encoding="UTF-8"?>
<!-- Generated by org.testng.reporters.JUnitReportReporter -->
<testsuite hostname="jeevani-PC" failures="0" tests="1" name="GherkinKeywords.UpdateResource" time="3.299" errors="0" timestamp="2023-09-22T19:45:15 IST" skipped="0">
  <testcase classname="GherkinKeywords.UpdateResource" name="updateResource" time="3.299"/>
</testsuite> <!-- GherkinKeywords.UpdateResource -->
